Arguments: 
  C:\Program Files\nodejs\node.exe C:\Users\User\AppData\Roaming\npm\node_modules\yarn\bin\yarn.js add @parcel/service-worker

PATH: 
  C:\Program Files\Java\jdk-19\bin;C:\Program Files\Common Files\Oracle\Java\javapath;C:\Program Files\nodejs\;C:\Users\User\AppData\Local\Microsoft\WindowsApps;;C:\Users\User\AppData\Local\Programs\Microsoft VS Code\bin;C:\Program Files\heroku\bin;C:\Users\User\AppData\Roaming\npm

Yarn version: 
  1.22.19

Node version: 
  18.12.1

Platform: 
  win32 x64

Trace: 
  Error: EPERM: operation not permitted, unlink 'E:\Forkify-master\node_modules\@msgpackr-extract\msgpackr-extract-win32-x64\node.abi108.node'

npm manifest: 
  {
      "name": "forkify",
      "version": "2.0.0",
      "description": "search over 1m recipes, bookmark them, add new ones, plan your meals for the week and much more",
      "default": "index.html",
      "scripts": {
        "watch:sass": "node-sass src/sass/main.scss src/css/main.css -w",
        "devserver": "parcel index.html",
        "start": "npm-run-all --parallel devserver watch:sass",
        "compile:sass": "node-sass src/sass/main.scss src/css/main.comp.css",
        "prefix:css": "postcss --use autoprefixer -b 'last 10 versions' src/css/main.comp.css -o src/css/main.prefix.css",
        "compress:css": "node-sass src/css/main.prefix.css src/css/main.css --output-style compressed",
        "build:css": "npm-run-all compile:sass prefix:css compress:css",
        "build:dist-dir": "parcel build index.html",
        "build": "npm-run-all build:css build:dist-dir"
        
      },
      "author": "Alexandra Simion",
      "license": "ISC",
      "devDependencies": {
        "autoprefixer": "^10.4.14",
        "node-sass": "^8.0.0",
        "npm-run-all": "^4.1.5",
        "parcel": "^2.8.3",
        "postcss": "^8.4.21",
        "postcss-cli": "^10.1.0",
        "sass": "^1.59.2"
      },
      "dependencies": {
        "core-js": "^3.29.1",
        "fractional": "^1.0.0",
        "regenerator-runtime": "^0.13.11"
      }
    }

yarn manifest: 
  No manifest

Lockfile: 
  No lockfile
